c:\users\glalumno\source\repos\proyectolenguajesdeprogramacion\tdd\debug\tdd.pch
c:\users\glalumno\source\repos\proyectolenguajesdeprogramacion\tdd\debug\vc142.pdb
c:\users\glalumno\source\repos\proyectolenguajesdeprogramacion\tdd\debug\vc142.idb
c:\users\glalumno\source\repos\proyectolenguajesdeprogramacion\tdd\debug\pch.obj
c:\users\glalumno\source\repos\proyectolenguajesdeprogramacion\tdd\debug\tdd.obj
c:\users\glalumno\source\repos\proyectolenguajesdeprogramacion\tdd\debug\postfijaoperacion.obj
c:\users\glalumno\source\repos\proyectolenguajesdeprogramacion\tdd\debug\expressionvalidation.obj
c:\users\glalumno\source\repos\proyectolenguajesdeprogramacion\tdd\debug\conversionapostfija.obj
c:\users\glalumno\source\repos\proyectolenguajesdeprogramacion\debug\tdd.dll
c:\users\glalumno\source\repos\proyectolenguajesdeprogramacion\debug\tdd.ilk
c:\users\glalumno\source\repos\proyectolenguajesdeprogramacion\debug\tdd.pdb
c:\users\glalumno\source\repos\proyectolenguajesdeprogramacion\debug\tdd.lib
c:\users\glalumno\source\repos\proyectolenguajesdeprogramacion\debug\tdd.exp
c:\users\glalumno\source\repos\proyectolenguajesdeprogramacion\tdd\debug\tdd.tlog\cl.command.1.tlog
c:\users\glalumno\source\repos\proyectolenguajesdeprogramacion\tdd\debug\tdd.tlog\cl.read.1.tlog
c:\users\glalumno\source\repos\proyectolenguajesdeprogramacion\tdd\debug\tdd.tlog\cl.write.1.tlog
c:\users\glalumno\source\repos\proyectolenguajesdeprogramacion\tdd\debug\tdd.tlog\link.17504.delete.1.tlog
c:\users\glalumno\source\repos\proyectolenguajesdeprogramacion\tdd\debug\tdd.tlog\link.command.1.tlog
c:\users\glalumno\source\repos\proyectolenguajesdeprogramacion\tdd\debug\tdd.tlog\link.read.1.tlog
c:\users\glalumno\source\repos\proyectolenguajesdeprogramacion\tdd\debug\tdd.tlog\link.write.1.tlog
c:\users\glalumno\source\repos\proyectolenguajesdeprogramacion\tdd\debug\tdd.tlog\tdd.write.1u.tlog
